2026-02-03 04:28:39.599 +03:00 [INF] Background worker initializing...
2026-02-03 04:28:39.708 +03:00 [INF] Listening for RabbitMQ messages on payments
2026-02-03 04:30:31.366 +03:00 [INF] HTTP GET /swagger/index.html responded 200 in 70.8745 ms
2026-02-03 04:30:31.487 +03:00 [INF] HTTP GET /swagger/v1/swagger.json responded 200 in 50.8953 ms
2026-02-03 04:30:58.863 +03:00 [INF] HTTP POST /api/Auth/login responded 200 in 213.7349 ms
2026-02-03 04:33:07.192 +03:00 [INF] Processing payment request for Admission: CIT-006-2026, Amount: 2000
2026-02-03 04:33:07.297 +03:00 [INF] Processing new payment intent for CIT-006-2026
2026-02-03 04:33:07.396 +03:00 [INF] Payment intent accepted for CIT-006-2026.
2026-02-03 04:33:07.402 +03:00 [INF] HTTP POST /api/Payments responded 202 in 253.1873 ms
2026-02-03 04:33:10.417 +03:00 [INF] Simulator loopback initiated for XYZ-B2DAB9CA5A
2026-02-03 04:33:10.462 +03:00 [INF] Webhook hit for Reference: XYZ-B2DAB9CA5A
2026-02-03 04:33:10.480 +03:00 [INF] Payment XYZ-B2DAB9CA5A updated to "SUCCESS"
2026-02-03 04:33:10.516 +03:00 [INF] Message received from RabbitMQ.
2026-02-03 04:33:10.521 +03:00 [INF] Redis cache updated for CIT-006-2026
2026-02-03 04:33:10.554 +03:00 [INF] HTTP POST /api/bank/webhook responded 200 in 105.2528 ms
2026-02-03 04:33:10.556 +03:00 [INF] [SIMULATOR SUCCESS] Webhook hit for XYZ-B2DAB9CA5A
2026-02-03 04:42:41.530 +03:00 [INF] HTTP POST /api/bank/webhook responded 200 in 12.8163 ms
2026-02-03 04:43:11.300 +03:00 [INF] Fetching all payment types.
2026-02-03 04:43:11.346 +03:00 [INF] HTTP GET /api/Payments/types responded 200 in 51.7515 ms
2026-02-03 04:43:19.347 +03:00 [INF] Fetching all payment channels.
2026-02-03 04:43:19.357 +03:00 [INF] HTTP GET /api/Payments/channels responded 200 in 15.3436 ms
2026-02-03 04:43:58.502 +03:00 [INF] HTTP GET /api/student_validation/validate/CIT-006-2026 responded 404 in 2098.4878 ms
2026-02-03 04:44:26.754 +03:00 [INF] HTTP GET /api/student_validation/validate/CIT-006-2026 responded 404 in 20.9233 ms
2026-02-03 05:01:49.360 +03:00 [INF] Background worker initializing...
2026-02-03 05:01:49.444 +03:00 [INF] Listening for RabbitMQ messages on payments
2026-02-03 05:01:52.979 +03:00 [INF] HTTP GET /api/student_validation/validate/CIT-006-2026 responded 400 in 2321.4320 ms
2026-02-03 05:01:58.335 +03:00 [INF] HTTP GET /api/student_validation/validate/CIT-006-2026 responded 400 in 49.3361 ms
2026-02-03 05:02:06.126 +03:00 [INF] HTTP GET /api/student_validation/validate/CIT-005-2026 responded 400 in 19.5224 ms
2026-02-03 05:02:36.196 +03:00 [INF] HTTP GET /api/student_validation/validate/CIT-007-2026 responded 200 in 19.0542 ms
2026-02-03 05:02:58.774 +03:00 [INF] HTTP GET /api/student_validation/validate/CIT-004-2026 responded 200 in 13.0908 ms
2026-02-03 05:03:10.904 +03:00 [INF] HTTP GET /api/student_validation/validate/CIT-003-2026 responded 200 in 13.1080 ms
2026-02-03 05:03:26.567 +03:00 [INF] HTTP GET /api/student_validation/validate/CIT-002-2026 responded 200 in 13.1072 ms
2026-02-03 05:03:36.308 +03:00 [INF] HTTP GET /api/student_validation/validate/CIT-001 -2026 responded 404 in 3.0102 ms
2026-02-03 05:03:47.653 +03:00 [INF] HTTP GET /api/student_validation/validate/CIT-001-2026 responded 200 in 12.8856 ms
2026-02-03 05:03:57.297 +03:00 [INF] HTTP GET /api/student_validation/validate/CIT-001 -2026 responded 404 in 11.5085 ms
2026-02-03 05:06:42.729 +03:00 [INF] Fetching all payment types.
2026-02-03 05:06:42.737 +03:00 [INF] HTTP GET /api/Payments/types responded 200 in 20.1218 ms
2026-02-03 05:07:16.501 +03:00 [INF] HTTP POST /api/Auth/login responded 401 in 72.2646 ms
2026-02-03 05:08:47.113 +03:00 [INF] HTTP POST /api/Auth/login responded 200 in 62.5529 ms
2026-02-03 05:09:32.843 +03:00 [INF] HTTP GET /api/dashboard/live-payments responded 200 in 23.6868 ms
2026-02-03 05:11:10.319 +03:00 [INF] Admin fetching payment history for student: CIT-001-2026 
2026-02-03 05:11:10.319 +03:00 [INF] Querying DB for all payments of CIT-001-2026 
2026-02-03 05:11:10.334 +03:00 [INF] No payment history found for student CIT-001-2026 .
2026-02-03 05:11:10.335 +03:00 [INF] HTTP GET /api/Payments/all_payments responded 404 in 26.8168 ms
2026-02-03 05:11:27.373 +03:00 [INF] Admin fetching payment history for student: CIT-001-2026
2026-02-03 05:11:27.373 +03:00 [INF] Querying DB for all payments of CIT-001-2026
2026-02-03 05:11:27.398 +03:00 [INF] HTTP GET /api/Payments/all_payments responded 200 in 26.3677 ms
2026-02-03 05:11:51.811 +03:00 [INF] Admin fetching payment history for student: CIT-002-2026
2026-02-03 05:11:51.811 +03:00 [INF] Querying DB for all payments of CIT-002-2026
2026-02-03 05:11:51.814 +03:00 [INF] HTTP GET /api/Payments/all_payments responded 200 in 4.0002 ms
2026-02-03 05:12:00.836 +03:00 [INF] Admin fetching payment history for student: CIT-001-2026
2026-02-03 05:12:00.836 +03:00 [INF] Querying DB for all payments of CIT-001-2026
2026-02-03 05:12:00.844 +03:00 [INF] HTTP GET /api/Payments/all_payments responded 200 in 9.3711 ms
2026-02-03 05:12:12.034 +03:00 [INF] Admin fetching payment history for student: CIT-003-2026
2026-02-03 05:12:12.034 +03:00 [INF] Querying DB for all payments of CIT-003-2026
2026-02-03 05:12:12.043 +03:00 [WRN] [SYNC CHECK] Mismatch for CIT-003-2026: DB has 2, Redis has 1
2026-02-03 05:12:12.044 +03:00 [INF] HTTP GET /api/Payments/all_payments responded 200 in 10.1050 ms
2026-02-03 05:12:21.202 +03:00 [INF] Admin fetching payment history for student: CIT-004-2026
2026-02-03 05:12:21.202 +03:00 [INF] Querying DB for all payments of CIT-004-2026
2026-02-03 05:12:21.342 +03:00 [WRN] [SYNC CHECK] Mismatch for CIT-004-2026: DB has 2, Redis has 1
2026-02-03 05:12:21.343 +03:00 [INF] HTTP GET /api/Payments/all_payments responded 200 in 141.8090 ms
2026-02-03 05:19:47.213 +03:00 [INF] Background worker initializing...
2026-02-03 05:19:47.292 +03:00 [INF] Listening for RabbitMQ messages on payments
2026-02-03 05:19:47.460 +03:00 [INF] HTTP GET /api/Payments/all_payments responded 401 in 57.0460 ms
2026-02-03 05:19:58.665 +03:00 [INF] HTTP POST /api/Auth/login responded 200 in 160.3971 ms
2026-02-03 05:20:58.791 +03:00 [INF] HTTP GET /api/student_validation/validate/CIT-001 -2026 responded 404 in 97.8264 ms
2026-02-03 05:21:08.091 +03:00 [INF] HTTP GET /api/student_validation/validate/CIT-001-2026 responded 200 in 2133.0584 ms
2026-02-03 05:21:41.031 +03:00 [INF] Admin fetching payment history for student: CIT-004-2026
2026-02-03 05:21:41.032 +03:00 [INF] Querying DB for all payments of CIT-004-2026
2026-02-03 05:21:41.062 +03:00 [WRN] [SYNC CHECK] Mismatch for CIT-004-2026: DB has 2, Redis has 1
2026-02-03 05:21:41.064 +03:00 [INF] HTTP GET /api/Payments/all_payments responded 200 in 43.0544 ms
2026-02-03 05:21:50.966 +03:00 [INF] Admin fetching payment history for student: CIT-005-2026
2026-02-03 05:21:50.966 +03:00 [INF] Querying DB for all payments of CIT-005-2026
2026-02-03 05:21:50.976 +03:00 [WRN] [SYNC CHECK] Mismatch for CIT-005-2026: DB has 2, Redis has 1
2026-02-03 05:21:50.976 +03:00 [INF] HTTP GET /api/Payments/all_payments responded 200 in 11.6467 ms
2026-02-03 08:46:34.846 +03:00 [INF] Background worker initializing...
2026-02-03 08:46:34.915 +03:00 [INF] Listening for RabbitMQ messages on payments
2026-02-03 09:19:38.851 +03:00 [INF] HTTP GET /swagger/index.html responded 200 in 78.2509 ms
2026-02-03 09:19:38.984 +03:00 [INF] HTTP GET /swagger/v1/swagger.json responded 200 in 61.1398 ms
2026-02-03 09:49:59.902 +03:00 [INF] HTTP POST /api/Auth/login responded 200 in 247.1035 ms
2026-02-03 09:50:17.055 +03:00 [INF] HTTP GET /api/dashboard/live-payments responded 401 in 11.4149 ms
2026-02-03 09:51:25.970 +03:00 [INF] HTTP GET /api/Payments/types responded 401 in 2.5052 ms
2026-02-03 09:51:58.963 +03:00 [INF] HTTP GET /api/Payments/channels responded 401 in 1.5601 ms
2026-02-03 09:52:33.194 +03:00 [INF] HTTP POST /api/Payments responded 401 in 0.6129 ms
2026-02-03 09:54:04.243 +03:00 [INF] HTTP GET /api/student_validation/validate/CIT-001-2026 responded 401 in 11.0845 ms
2026-02-03 09:54:09.907 +03:00 [INF] HTTP POST /api/auth/login responded 200 in 109.9910 ms
2026-02-03 09:54:31.654 +03:00 [INF] HTTP GET /api/student_validation/validate/CIT-001-2026 responded 200 in 2190.6491 ms
2026-02-03 09:54:58.625 +03:00 [INF] HTTP GET /api/Payments/All_Payments responded 401 in 0.3165 ms
2026-02-03 09:55:06.981 +03:00 [INF] Admin fetching payment history for student: CIT-004-2026
2026-02-03 09:55:06.982 +03:00 [INF] Querying DB for all payments of CIT-004-2026
2026-02-03 09:55:07.052 +03:00 [WRN] [SYNC CHECK] Mismatch for CIT-004-2026: DB has 2, Redis has 1
2026-02-03 09:55:07.056 +03:00 [INF] HTTP GET /api/Payments/All_Payments responded 200 in 79.9231 ms
2026-02-03 09:55:47.059 +03:00 [INF] HTTP GET /api/dashboard/live-payments responded 401 in 0.6097 ms
2026-02-03 09:56:00.190 +03:00 [INF] HTTP GET /api/dashboard/live-payments responded 200 in 16.4920 ms
2026-02-03 09:56:30.060 +03:00 [INF] Fetching all payment types.
2026-02-03 09:56:30.066 +03:00 [INF] HTTP GET /api/Payments/types responded 200 in 12.1837 ms
2026-02-03 09:56:45.991 +03:00 [INF] Fetching all payment channels.
2026-02-03 09:56:45.999 +03:00 [INF] HTTP GET /api/Payments/channels responded 200 in 11.3715 ms
2026-02-03 09:58:24.953 +03:00 [INF] HTTP POST /api/Payments responded 401 in 0.3496 ms
2026-02-03 09:58:34.430 +03:00 [INF] Processing payment request for Admission: CIR-007-2026, Amount: 67000
2026-02-03 09:58:34.438 +03:00 [WRN] Student validation failed. AdmissionNumber CIR-007-2026 not found.
2026-02-03 09:58:34.440 +03:00 [INF] HTTP POST /api/Payments responded 404 in 17.9555 ms
2026-02-03 09:58:56.554 +03:00 [INF] Processing payment request for Admission: CIT-007-2026, Amount: 67000
2026-02-03 09:58:56.557 +03:00 [INF] Processing new payment intent for CIT-007-2026
2026-02-03 09:58:56.658 +03:00 [INF] Payment intent accepted for CIT-007-2026.
2026-02-03 09:58:56.660 +03:00 [INF] HTTP POST /api/Payments responded 202 in 107.7174 ms
2026-02-03 09:58:59.670 +03:00 [INF] Simulator loopback initiated for XYZ-6ACE8C9404
2026-02-03 09:58:59.706 +03:00 [INF] Webhook hit for Reference: XYZ-6ACE8C9404
2026-02-03 09:58:59.721 +03:00 [INF] Payment XYZ-6ACE8C9404 updated to "SUCCESS"
2026-02-03 09:58:59.735 +03:00 [INF] HTTP POST /api/bank/webhook responded 200 in 35.6770 ms
2026-02-03 09:58:59.737 +03:00 [INF] Message received from RabbitMQ.
2026-02-03 09:58:59.738 +03:00 [INF] Redis cache updated for CIT-007-2026
2026-02-03 09:58:59.739 +03:00 [INF] [SIMULATOR SUCCESS] Webhook hit for XYZ-6ACE8C9404
2026-02-03 09:59:57.857 +03:00 [INF] HTTP GET /api/student_validation/validate/CIT-007-2026 responded 200 in 11.4909 ms
2026-02-03 11:05:46.445 +03:00 [INF] HTTP GET /swagger/index.html responded 200 in 1.9730 ms
2026-02-03 11:05:46.518 +03:00 [INF] HTTP GET /swagger/v1/swagger.json responded 200 in 9.7206 ms
2026-02-03 11:10:13.204 +03:00 [INF] HTTP POST /api/Auth/login responded 200 in 215.3529 ms
2026-02-03 11:12:18.199 +03:00 [INF] HTTP POST /api/Auth/login responded 200 in 66.0147 ms
2026-02-03 11:13:19.154 +03:00 [INF] Fetching all payment types.
2026-02-03 11:13:19.159 +03:00 [INF] HTTP GET /api/Payments/types responded 200 in 6.9272 ms
2026-02-03 11:14:08.180 +03:00 [INF] Fetching all payment channels.
2026-02-03 11:14:08.184 +03:00 [INF] HTTP GET /api/Payments/channels responded 200 in 6.0878 ms
2026-02-03 11:16:24.513 +03:00 [INF] Processing payment request for Admission: CIT-001-2026, Amount: 1000
2026-02-03 11:16:24.669 +03:00 [INF] Processing new payment intent for CIT-001-2026
2026-02-03 11:16:24.677 +03:00 [INF] Payment intent accepted for CIT-001-2026.
2026-02-03 11:16:24.677 +03:00 [INF] HTTP POST /api/Payments responded 202 in 165.5407 ms
2026-02-03 11:16:27.689 +03:00 [INF] Simulator loopback initiated for XYZ-BFC43813ED
2026-02-03 11:16:27.697 +03:00 [INF] Webhook hit for Reference: XYZ-BFC43813ED
2026-02-03 11:16:27.709 +03:00 [INF] Payment XYZ-BFC43813ED updated to "SUCCESS"
2026-02-03 11:16:27.722 +03:00 [INF] HTTP POST /api/bank/webhook responded 200 in 25.5729 ms
2026-02-03 11:16:27.722 +03:00 [INF] Message received from RabbitMQ.
2026-02-03 11:16:27.722 +03:00 [INF] [SIMULATOR SUCCESS] Webhook hit for XYZ-BFC43813ED
2026-02-03 11:16:27.723 +03:00 [INF] Redis cache updated for CIT-001-2026
2026-02-03 11:24:27.949 +03:00 [INF] Processing payment request for Admission: CIT-001-2026, Amount: 1000
2026-02-03 11:24:28.002 +03:00 [INF] Processing new payment intent for CIT-001-2026
2026-02-03 11:24:28.010 +03:00 [INF] Payment intent accepted for CIT-001-2026.
2026-02-03 11:24:28.011 +03:00 [INF] HTTP POST /api/Payments responded 202 in 64.1581 ms
2026-02-03 11:24:31.028 +03:00 [INF] Simulator loopback initiated for XYZ-43F3A99965
2026-02-03 11:24:31.033 +03:00 [INF] Webhook hit for Reference: XYZ-43F3A99965
2026-02-03 11:24:31.039 +03:00 [INF] Payment XYZ-43F3A99965 updated to "SUCCESS"
2026-02-03 11:24:31.048 +03:00 [INF] HTTP POST /api/bank/webhook responded 200 in 16.1856 ms
2026-02-03 11:24:31.048 +03:00 [INF] Message received from RabbitMQ.
2026-02-03 11:24:31.049 +03:00 [INF] Redis cache updated for CIT-001-2026
2026-02-03 11:24:31.051 +03:00 [INF] [SIMULATOR SUCCESS] Webhook hit for XYZ-43F3A99965
2026-02-03 11:25:37.700 +03:00 [INF] HTTP POST /api/auth/login responded 200 in 87.9211 ms
2026-02-03 11:26:04.448 +03:00 [INF] HTTP POST /api/auth/login responded 200 in 81.4631 ms
2026-02-03 11:26:34.088 +03:00 [INF] Admin fetching payment history for student: CIT-001-2026
2026-02-03 11:26:34.088 +03:00 [INF] Querying DB for all payments of CIT-001-2026
2026-02-03 11:26:34.097 +03:00 [INF] HTTP GET /api/Payments/All_Payments responded 200 in 11.8230 ms
2026-02-03 11:30:51.643 +03:00 [INF] Processing payment request for Admission: CIT-001-2026, Amount: 1000
2026-02-03 11:30:51.697 +03:00 [INF] Processing new payment intent for CIT-001-2026
2026-02-03 11:30:51.709 +03:00 [INF] Payment intent accepted for CIT-001-2026.
2026-02-03 11:30:51.710 +03:00 [INF] HTTP POST /api/Payments responded 202 in 69.3967 ms
2026-02-03 11:30:54.715 +03:00 [INF] Simulator loopback initiated for XYZ-BB210F20E0
2026-02-03 11:30:54.720 +03:00 [INF] Webhook hit for Reference: XYZ-BB210F20E0
2026-02-03 11:30:54.726 +03:00 [INF] Payment XYZ-BB210F20E0 updated to "SUCCESS"
2026-02-03 11:30:54.735 +03:00 [INF] HTTP POST /api/bank/webhook responded 200 in 16.4857 ms
2026-02-03 11:30:54.736 +03:00 [INF] [SIMULATOR SUCCESS] Webhook hit for XYZ-BB210F20E0
2026-02-03 11:30:54.736 +03:00 [INF] Message received from RabbitMQ.
2026-02-03 11:30:54.736 +03:00 [INF] Redis cache updated for CIT-001-2026
2026-02-03 11:33:52.187 +03:00 [INF] HTTP POST /api/bank/webhook responded 200 in 14.9907 ms
2026-02-03 11:37:31.768 +03:00 [INF] Processing payment request for Admission: CIT-001-2026, Amount: 1000
2026-02-03 11:37:31.934 +03:00 [INF] Processing new payment intent for CIT-001-2026
2026-02-03 11:37:31.940 +03:00 [INF] Payment intent accepted for CIT-001-2026.
2026-02-03 11:37:31.940 +03:00 [INF] HTTP POST /api/Payments responded 202 in 174.7142 ms
2026-02-03 11:37:34.952 +03:00 [INF] Simulator loopback initiated for XYZ-C475114990
2026-02-03 11:37:34.957 +03:00 [INF] Webhook hit for Reference: XYZ-C475114990
2026-02-03 11:37:34.963 +03:00 [INF] Payment XYZ-C475114990 updated to "SUCCESS"
2026-02-03 11:37:34.972 +03:00 [INF] HTTP POST /api/bank/webhook responded 200 in 16.7259 ms
2026-02-03 11:37:34.973 +03:00 [INF] [SIMULATOR SUCCESS] Webhook hit for XYZ-C475114990
2026-02-03 11:37:34.973 +03:00 [INF] Message received from RabbitMQ.
2026-02-03 11:37:34.974 +03:00 [INF] Redis cache updated for CIT-001-2026
2026-02-03 11:49:19.707 +03:00 [INF] HTTP GET /api/student_validation/validate/CIT-001-2026 responded 200 in 76.9424 ms
2026-02-03 11:51:10.301 +03:00 [WRN] Unauthorized access attempt to payment history by user: null
2026-02-03 11:51:10.302 +03:00 [INF] HTTP GET /api/Payments/all_payments responded 403 in 2.5959 ms
2026-02-03 11:51:27.922 +03:00 [INF] HTTP POST /api/auth/login responded 200 in 89.0563 ms
2026-02-03 11:53:34.527 +03:00 [INF] HTTP POST /api/auth/login responded 200 in 111.5729 ms
2026-02-03 11:54:48.975 +03:00 [INF] HTTP GET /api/student_validation/validate/CIT-009-2026 responded 404 in 48.9739 ms
2026-02-03 11:55:04.187 +03:00 [INF] HTTP GET /api/student_validation/validate/CIT-004-2026 responded 200 in 26.9237 ms
2026-02-03 11:55:15.705 +03:00 [INF] HTTP GET /api/student_validation/validate/CIT-005-2026 responded 400 in 19.7024 ms
2026-02-03 11:55:49.519 +03:00 [INF] HTTP GET /api/student_validation/validate/CIy-005-2026 responded 404 in 9.7702 ms
2026-02-03 11:56:11.415 +03:00 [INF] Processing payment request for Admission: CIT-009-2026, Amount: 1000
2026-02-03 11:56:11.417 +03:00 [WRN] Student validation failed. AdmissionNumber CIT-009-2026 not found.
2026-02-03 11:56:11.417 +03:00 [INF] HTTP POST /api/Payments responded 404 in 4.1410 ms
2026-02-03 11:56:36.265 +03:00 [INF] HTTP POST /api/Auth/login responded 401 in 88.8584 ms
2026-02-03 11:56:51.247 +03:00 [INF] HTTP GET /api/Payments/All_Payments responded 401 in 0.2817 ms
2026-02-03 11:57:03.442 +03:00 [INF] HTTP POST /api/auth/login responded 200 in 91.0557 ms
2026-02-03 11:57:15.930 +03:00 [INF] Admin fetching payment history for student: CIT-001-2026
2026-02-03 11:57:15.931 +03:00 [INF] Querying DB for all payments of CIT-001-2026
2026-02-03 11:57:15.939 +03:00 [INF] HTTP GET /api/Payments/All_Payments responded 200 in 9.5327 ms
2026-02-03 11:58:07.667 +03:00 [INF] HTTP POST /api/auth/login responded 200 in 82.5005 ms
2026-02-03 11:58:48.098 +03:00 [INF] HTTP GET /api/dashboard/live-payments responded 200 in 4.1875 ms
2026-02-03 12:12:24.785 +03:00 [INF] HTTP POST /api/Payments responded 401 in 0.5664 ms
2026-02-03 12:12:43.727 +03:00 [INF] HTTP POST /api/Auth/login responded 401 in 212.7034 ms
2026-02-03 12:12:52.206 +03:00 [INF] HTTP POST /api/Auth/login responded 200 in 60.3868 ms
2026-02-03 12:13:23.791 +03:00 [INF] Processing payment request for Admission: CIT-001-2026, Amount: 2000
2026-02-03 12:13:23.799 +03:00 [INF] Processing new payment intent for CIT-001-2026
2026-02-03 12:13:23.811 +03:00 [INF] Payment intent accepted for CIT-001-2026.
2026-02-03 12:13:23.811 +03:00 [INF] HTTP POST /api/Payments responded 202 in 21.9530 ms
2026-02-03 12:13:26.826 +03:00 [INF] Simulator loopback initiated for XYZ-361067BB79
2026-02-03 12:13:26.830 +03:00 [INF] Webhook hit for Reference: XYZ-361067BB79
2026-02-03 12:13:26.838 +03:00 [INF] Payment XYZ-361067BB79 updated to "SUCCESS"
2026-02-03 12:13:26.847 +03:00 [INF] Message received from RabbitMQ.
2026-02-03 12:13:26.848 +03:00 [INF] Redis cache updated for CIT-001-2026
2026-02-03 12:13:26.848 +03:00 [INF] HTTP POST /api/bank/webhook responded 200 in 18.6572 ms
2026-02-03 12:13:26.848 +03:00 [INF] [SIMULATOR SUCCESS] Webhook hit for XYZ-361067BB79
2026-02-03 12:16:27.572 +03:00 [INF] HTTP GET /swagger/index.html responded 200 in 1.2635 ms
2026-02-03 12:16:27.650 +03:00 [INF] HTTP GET /swagger/v1/swagger.json responded 200 in 5.9640 ms
2026-02-03 12:20:49.263 +03:00 [INF] HTTP POST /api/Auth/login responded 401 in 152.6129 ms
2026-02-03 12:21:05.418 +03:00 [INF] HTTP GET /api/Payments/types responded 401 in 5.3541 ms
2026-02-03 12:44:51.124 +03:00 [INF] HTTP POST /api/Auth/login responded 200 in 93.7044 ms
2026-02-03 12:45:54.374 +03:00 [INF] Processing payment request for Admission: CIT-001-2026, Amount: 100
2026-02-03 12:45:54.383 +03:00 [INF] Processing new payment intent for CIT-001-2026
2026-02-03 12:45:54.389 +03:00 [INF] Payment intent accepted for CIT-001-2026.
2026-02-03 12:45:54.390 +03:00 [INF] HTTP POST /api/Payments responded 202 in 16.9482 ms
2026-02-03 12:45:57.393 +03:00 [INF] Simulator loopback initiated for XYZ-CB85EC21AE
2026-02-03 12:45:57.398 +03:00 [INF] Webhook hit for Reference: XYZ-CB85EC21AE
2026-02-03 12:45:57.403 +03:00 [INF] Payment XYZ-CB85EC21AE updated to "SUCCESS"
2026-02-03 12:45:57.409 +03:00 [INF] HTTP POST /api/bank/webhook responded 200 in 12.5797 ms
2026-02-03 12:45:57.409 +03:00 [INF] [SIMULATOR SUCCESS] Webhook hit for XYZ-CB85EC21AE
2026-02-03 12:45:57.410 +03:00 [INF] Message received from RabbitMQ.
2026-02-03 12:45:57.410 +03:00 [INF] Redis cache updated for CIT-001-2026
